SF:src\XLSXasJSON.jl
DA:1,4
LH:1
LF:1
end_of_record
SF:src\index.jl
DA:5,10
DA:10,5
DA:11,5
DA:12,5
DA:15,0
DA:16,0
DA:17,0
DA:18,0
DA:19,0
DA:20,0
DA:21,0
DA:23,0
DA:24,0
DA:25,0
DA:27,0
DA:29,0
DA:31,0
DA:32,0
DA:33,0
DA:35,0
DA:38,0
DA:39,0
DA:40,0
DA:41,0
DA:42,0
DA:44,0
DA:45,0
DA:47,0
DA:48,0
DA:51,0
DA:52,0
DA:53,0
DA:54,0
DA:55,0
DA:57,0
DA:58,0
DA:60,0
DA:61,0
DA:64,0
DA:65,0
DA:67,0
DA:68,0
DA:69,0
DA:71,0
DA:74,0
DA:76,0
DA:77,0
DA:78,0
DA:82,0
DA:83,0
DA:84,0
DA:85,0
DA:86,0
DA:88,0
DA:90,0
DA:91,0
DA:95,0
DA:96,0
DA:109,1
DA:110,1
DA:111,1
DA:112,1
DA:113,1
DA:114,1
DA:118,29
DA:119,15
DA:120,1
DA:121,1
DA:122,1
DA:124,0
DA:125,0
DA:128,14
DA:131,29
DA:132,0
DA:133,0
DA:134,0
LH:17
LF:76
end_of_record
SF:src\pointer.jl
DA:16,0
DA:17,0
DA:18,0
DA:21,0
DA:22,0
DA:23,0
DA:24,0
DA:25,0
DA:26,0
DA:28,0
DA:29,0
DA:30,0
DA:31,0
DA:32,0
DA:37,0
DA:49,0
DA:50,0
DA:51,0
DA:56,0
DA:57,0
DA:59,0
DA:60,0
DA:62,0
DA:63,0
DA:64,0
DA:65,0
DA:66,0
DA:67,0
DA:69,0
DA:71,0
DA:72,0
DA:73,0
DA:74,0
DA:76,0
DA:80,0
DA:83,0
DA:84,0
DA:85,0
DA:86,0
DA:87,0
DA:88,0
DA:91,0
DA:95,0
DA:96,0
DA:97,0
DA:98,0
DA:100,0
DA:101,0
DA:102,0
DA:103,0
DA:104,0
DA:105,0
DA:106,0
DA:107,0
DA:109,0
DA:112,0
DA:113,0
DA:115,0
DA:120,0
DA:121,0
DA:122,0
DA:125,0
DA:127,0
DA:128,0
DA:129,0
DA:130,0
DA:132,0
DA:136,0
DA:137,0
DA:138,0
DA:140,0
DA:142,0
DA:143,0
DA:144,0
DA:146,0
DA:147,0
DA:148,0
DA:150,0
DA:151,0
DA:152,0
DA:154,0
DA:155,0
DA:156,0
DA:158,0
DA:160,0
DA:161,0
DA:163,0
DA:164,0
DA:168,0
DA:169,0
DA:170,0
DA:171,0
DA:172,0
DA:173,0
DA:175,0
DA:177,0
DA:179,0
DA:182,0
DA:185,0
DA:186,0
DA:187,0
DA:188,0
DA:189,0
DA:190,0
DA:191,0
DA:193,0
DA:196,0
DA:197,0
DA:203,0
DA:204,0
LH:0
LF:110
end_of_record
SF:src\workbook.jl
DA:7,3
DA:13,6
DA:14,3
DA:15,3
DA:19,9
DA:20,6
DA:21,27
DA:23,3
DA:25,3
DA:28,0
DA:29,0
DA:31,0
DA:32,0
DA:33,0
DA:35,0
DA:37,0
DA:39,0
DA:40,0
DA:41,0
DA:44,6
DA:45,3
DA:49,0
DA:50,0
DA:51,0
DA:53,12
DA:54,13
DA:55,0
DA:56,0
DA:57,0
DA:58,3
DA:59,10
DA:61,3
DA:62,0
DA:64,0
DA:65,1
DA:66,1
DA:69,2
DA:70,4
DA:71,2
DA:72,2
DA:74,1
DA:76,2
DA:77,1
DA:80,0
DA:81,0
DA:82,0
DA:84,0
DA:88,0
DA:89,0
DA:92,0
DA:93,0
DA:94,0
DA:95,0
DA:97,0
DA:98,0
DA:99,0
DA:100,0
LH:25
LF:57
end_of_record
SF:src\worksheet.jl
DA:20,31
DA:27,72
DA:28,38
DA:30,172
DA:33,34
DA:35,34
DA:36,3
DA:39,31
DA:40,1
DA:42,30
DA:44,29
DA:50,60
DA:51,30
DA:53,0
DA:54,60
DA:55,30
DA:56,29
DA:57,29
DA:59,1
DA:60,31
DA:64,30
DA:67,30
DA:68,15
DA:69,8
DA:70,8
DA:74,30
DA:76,28
DA:77,56
DA:78,78
DA:79,156
DA:80,592
DA:82,128
DA:84,28
DA:89,31
DA:90,31
DA:91,29
DA:92,128
DA:93,155
DA:96,29
DA:100,1
DA:101,4
DA:104,1
DA:106,2
DA:107,202
DA:108,3
DA:110,1
DA:115,36
DA:116,72
DA:118,282
DA:119,276
DA:120,276
DA:121,138
DA:122,246
DA:128,36
DA:129,36
DA:130,72
DA:131,450
DA:132,450
DA:133,219
DA:134,423
DA:138,36
DA:142,535
DA:143,42
DA:145,493
DA:146,139
DA:147,133
DA:148,133
DA:149,133
DA:150,234
DA:151,16
DA:152,135
DA:155,6
DA:156,6
DA:157,2
DA:158,2
DA:160,4
DA:161,1
DA:162,1
DA:165,143
DA:168,354
DA:171,535
DA:174,24
DA:175,0
DA:176,24
DA:177,47
DA:179,25
DA:180,25
DA:181,67
DA:182,12
DA:183,55
DA:184,21
DA:185,13
DA:189,10
DA:192,4
DA:193,9
DA:195,1
DA:196,0
DA:197,0
DA:200,10
DA:207,103
DA:208,1
DA:209,0
DA:211,0
DA:213,4
DA:219,8
DA:221,7
DA:224,4
DA:226,17
DA:229,7
DA:230,4
DA:233,4
DA:234,4
DA:235,16
DA:236,28
DA:237,28
DA:239,48
DA:243,4
DA:247,22
DA:249,21
DA:252,8
DA:255,2
DA:257,2
DA:261,4
DA:262,1
DA:264,6
DA:265,7
DA:267,2
DA:268,1
DA:270,2
DA:281,3
DA:284,4
DA:285,2
DA:287,2
DA:289,2
DA:290,2
DA:291,2
DA:293,2
DA:294,2
DA:295,8
DA:296,14
DA:297,2
DA:298,2
DA:299,10
DA:301,2
DA:303,6
DA:305,8
DA:306,32
DA:309,2
DA:312,2
DA:313,2
DA:315,4
DA:316,1
DA:320,1
DA:323,0
DA:324,0
DA:326,0
DA:327,0
DA:328,0
DA:329,0
DA:332,0
DA:333,0
DA:336,0
DA:337,0
DA:339,0
DA:340,0
DA:341,0
DA:342,0
DA:343,0
DA:344,0
DA:345,0
LH:147
LF:170
end_of_record
SF:src\writer.jl
DA:1,1
DA:2,0
DA:4,0
DA:5,0
DA:8,0
DA:9,0
DA:10,0
DA:11,0
DA:12,0
DA:15,0
DA:19,0
DA:20,0
DA:21,0
DA:22,0
LH:1
LF:14
end_of_record
