SF:src\XLSXasJSON.jl
DA:1,4
LH:1
LF:1
end_of_record
SF:src\index.jl
DA:5,10
DA:10,5
DA:11,5
DA:12,5
DA:15,0
DA:16,0
DA:17,0
DA:18,0
DA:19,0
DA:20,0
DA:21,0
DA:23,0
DA:24,0
DA:25,0
DA:27,0
DA:29,0
DA:31,0
DA:32,0
DA:33,0
DA:35,0
DA:38,0
DA:39,0
DA:40,0
DA:41,0
DA:42,0
DA:44,0
DA:45,0
DA:47,0
DA:48,0
DA:51,0
DA:52,0
DA:53,0
DA:54,0
DA:55,0
DA:57,0
DA:58,0
DA:60,0
DA:61,0
DA:64,0
DA:65,0
DA:67,0
DA:68,0
DA:69,0
DA:71,0
DA:74,0
DA:76,0
DA:77,0
DA:78,0
DA:82,0
DA:83,0
DA:84,0
DA:85,0
DA:86,0
DA:88,0
DA:90,0
DA:91,0
DA:95,0
DA:96,0
DA:109,1
DA:110,1
DA:111,1
DA:112,1
DA:113,1
DA:114,1
DA:118,29
DA:119,15
DA:120,1
DA:121,1
DA:122,1
DA:124,0
DA:125,0
DA:128,14
DA:131,29
DA:132,0
DA:133,0
DA:134,0
LH:17
LF:76
end_of_record
SF:src\workbook.jl
DA:23,3
DA:29,6
DA:30,3
DA:31,3
DA:35,9
DA:36,6
DA:37,27
DA:39,3
DA:41,3
DA:44,0
DA:45,0
DA:47,0
DA:48,0
DA:49,0
DA:51,0
DA:53,0
DA:55,0
DA:56,0
DA:57,0
DA:60,6
DA:61,3
DA:65,0
DA:66,0
DA:67,0
DA:69,12
DA:70,13
DA:71,0
DA:72,0
DA:73,0
DA:74,3
DA:75,10
DA:77,3
DA:78,0
DA:80,0
DA:81,1
DA:82,1
DA:85,2
DA:86,4
DA:87,2
DA:88,2
DA:90,1
DA:92,2
DA:93,1
DA:96,0
DA:97,0
DA:98,0
DA:100,0
DA:104,0
DA:105,0
DA:108,0
DA:109,0
DA:110,0
DA:111,0
DA:113,0
DA:114,0
DA:115,0
DA:116,0
LH:25
LF:57
end_of_record
SF:src\worksheet.jl
DA:20,31
DA:27,72
DA:28,38
DA:30,34
DA:31,138
DA:34,34
DA:36,34
DA:37,3
DA:40,31
DA:41,1
DA:43,30
DA:45,29
DA:51,60
DA:52,30
DA:54,0
DA:55,60
DA:56,30
DA:57,29
DA:58,29
DA:60,1
DA:61,31
DA:65,30
DA:68,30
DA:69,15
DA:70,8
DA:71,8
DA:75,30
DA:76,60
DA:77,80
DA:78,160
DA:79,596
DA:81,128
DA:83,28
DA:87,1
DA:88,4
DA:91,1
DA:92,2
DA:93,202
DA:94,3
DA:96,1
DA:100,36
DA:101,72
DA:103,282
DA:104,276
DA:105,276
DA:106,138
DA:107,246
DA:113,36
DA:114,36
DA:115,72
DA:116,450
DA:117,450
DA:118,219
DA:119,423
DA:123,36
DA:127,538
DA:128,42
DA:130,496
DA:131,139
DA:132,133
DA:133,133
DA:134,133
DA:135,234
DA:136,16
DA:137,135
DA:140,6
DA:141,6
DA:142,2
DA:143,2
DA:145,4
DA:146,1
DA:147,1
DA:150,143
DA:153,357
DA:156,538
DA:159,24
DA:160,0
DA:161,24
DA:162,47
DA:164,25
DA:165,25
DA:166,67
DA:167,12
DA:168,55
DA:169,21
DA:170,13
DA:174,10
DA:177,4
DA:178,9
DA:180,1
DA:181,0
DA:182,0
DA:185,10
DA:192,107
DA:193,1
DA:194,0
DA:196,0
DA:198,6
DA:204,8
DA:206,7
DA:209,4
DA:211,17
DA:214,7
DA:215,4
DA:218,4
DA:219,4
DA:220,16
DA:221,28
DA:222,28
DA:224,48
DA:229,4
DA:233,24
DA:235,23
DA:238,24
DA:241,2
DA:243,2
DA:247,4
DA:248,1
DA:250,6
DA:251,7
DA:253,2
DA:254,1
DA:256,2
DA:259,2
DA:270,3
DA:273,4
DA:274,2
DA:276,2
DA:278,10
DA:279,10
DA:280,2
DA:282,2
DA:283,2
DA:284,8
DA:285,14
DA:286,2
DA:287,2
DA:288,10
DA:290,2
DA:292,6
DA:294,8
DA:295,32
DA:298,2
DA:301,2
DA:302,2
DA:304,4
DA:305,1
DA:309,1
DA:312,0
DA:313,0
DA:315,0
DA:316,0
DA:317,0
DA:318,0
DA:321,0
DA:322,0
DA:325,0
DA:326,0
DA:328,0
DA:329,0
DA:330,0
DA:331,0
DA:332,0
DA:333,0
DA:334,0
LH:142
LF:165
end_of_record
SF:src\writer.jl
DA:1,1
DA:2,0
DA:4,0
DA:5,0
DA:8,0
DA:9,0
DA:10,0
DA:11,0
DA:12,0
DA:15,0
DA:19,0
DA:20,0
DA:21,0
DA:22,0
DA:26,0
DA:27,0
DA:29,0
DA:30,0
DA:31,0
DA:32,0
DA:33,0
DA:35,0
DA:38,0
DA:39,0
DA:40,0
DA:41,0
DA:42,0
DA:43,0
DA:45,0
DA:48,0
LH:1
LF:30
end_of_record
